2013-07-07 12:34:21.978 Journey[21739:c07] Multi-tasking -> Device: YES, App: YES
2013-07-07 12:34:22.039 Journey[21739:c07] Resetting plugins due to page load.
2013-07-07 12:34:22.253 Journey[21739:c07] DEPRECATION NOTICE: The Connection ReachableViaWWAN return value of '2g' is deprecated as of Cordova version 2.6.0 and will be changed to 'cellular' in a future release. 
2013-07-07 12:34:22.259 Journey[21739:c07] Finished load of: file:///Users/daan.debie/Library/Application%20Support/iPhone%20Simulator/6.1/Applications/BD457065-0430-4D0A-8AF8-F724B66A474E/Journey.app/www/index.html
Terminating in response to SpringBoard's termination.
2013-07-07 12:35:22.727 Journey[22149:c07] Multi-tasking -> Device: YES, App: YES
2013-07-07 12:35:22.791 Journey[22149:c07] Resetting plugins due to page load.
2013-07-07 12:35:23.015 Journey[22149:c07] DEPRECATION NOTICE: The Connection ReachableViaWWAN return value of '2g' is deprecated as of Cordova version 2.6.0 and will be changed to 'cellular' in a future release. 
2013-07-07 12:35:23.019 Journey[22149:c07] Finished load of: file:///Users/daan.debie/Library/Application%20Support/iPhone%20Simulator/6.1/Applications/BD457065-0430-4D0A-8AF8-F724B66A474E/Journey.app/www/index.html
2013-07-07 12:35:37.292 Journey[22149:c07] calling: GET https://api.usergrid.com/asagustin/journey/token?username=debie.daan%40gmail.com&password=buza&grant_type=password&access_token=YWMtI764UObvEeKcdA32T_1-QQAAAT_ctAxVB3VVYOTxtqiP43GLE7pdQak9SD8
2013-07-07 12:35:38.002 Journey[22149:c07] success (time: 1.18): GET https://api.usergrid.com/asagustin/journey/token?username=debie.daan%40gmail.com&password=buza&grant_type=password&access_token=YWMtI764UObvEeKcdA32T_1-QQAAAT_ctAxVB3VVYOTxtqiP43GLE7pdQak9SD8
Terminating in response to SpringBoard's termination.
2013-07-07 12:36:00.637 Journey[22555:c07] Multi-tasking -> Device: YES, App: YES
2013-07-07 12:36:00.682 Journey[22555:c07] Resetting plugins due to page load.
2013-07-07 12:36:00.904 Journey[22555:c07] DEPRECATION NOTICE: The Connection ReachableViaWWAN return value of '2g' is deprecated as of Cordova version 2.6.0 and will be changed to 'cellular' in a future release. 
2013-07-07 12:36:00.910 Journey[22555:c07] Finished load of: file:///Users/daan.debie/Library/Application%20Support/iPhone%20Simulator/6.1/Applications/BD457065-0430-4D0A-8AF8-F724B66A474E/Journey.app/www/index.html
2013-07-07 12:36:50.895 Journey[22555:c07] calling: GET https://api.usergrid.com/asagustin/journey/token?username=debie.daan%40gmail.com&password=buza&grant_type=password&access_token=YWMt-AKDcObwEeKDIWkeLGbpSAAAAT_cwAknXb_GsRVyNZoYc70CQ02NVjRUWH0
2013-07-07 12:36:51.852 Journey[22555:c07] success (time: 1.59): GET https://api.usergrid.com/asagustin/journey/token?username=debie.daan%40gmail.com&password=buza&grant_type=password&access_token=YWMt-AKDcObwEeKDIWkeLGbpSAAAAT_cwAknXb_GsRVyNZoYc70CQ02NVjRUWH0
Terminating in response to SpringBoard's termination.
2013-07-07 12:37:05.923 Journey[22785:c07] Multi-tasking -> Device: YES, App: YES
2013-07-07 12:37:05.986 Journey[22785:c07] Resetting plugins due to page load.
2013-07-07 12:37:06.217 Journey[22785:c07] DEPRECATION NOTICE: The Connection ReachableViaWWAN return value of '2g' is deprecated as of Cordova version 2.6.0 and will be changed to 'cellular' in a future release. 
2013-07-07 12:37:06.220 Journey[22785:c07] Finished load of: file:///Users/daan.debie/Library/Application%20Support/iPhone%20Simulator/6.1/Applications/BD457065-0430-4D0A-8AF8-F724B66A474E/Journey.app/www/index.html
Terminating in response to SpringBoard's termination.
2013-07-07 12:37:47.148 Journey[23189:c07] Multi-tasking -> Device: YES, App: YES
2013-07-07 12:37:47.211 Journey[23189:c07] Resetting plugins due to page load.
2013-07-07 12:37:47.437 Journey[23189:c07] DEPRECATION NOTICE: The Connection ReachableViaWWAN return value of '2g' is deprecated as of Cordova version 2.6.0 and will be changed to 'cellular' in a future release. 
2013-07-07 12:37:47.441 Journey[23189:c07] Finished load of: file:///Users/daan.debie/Library/Application%20Support/iPhone%20Simulator/6.1/Applications/BD457065-0430-4D0A-8AF8-F724B66A474E/Journey.app/www/index.html
2013-07-07 12:37:53.761 Journey[23189:c07] calling: GET https://api.usergrid.com/asagustin/journey/token?username=debie.daan%40gmail.com&password=buza&grant_type=password&access_token=YWMtI-2loObxEeKaSF1g0LWHtAAAAT_cwSj6TLzcKzXcyoMPpbsHxZWFMF7J10g
2013-07-07 12:37:54.573 Journey[23189:c07] success (time: 1.35): GET https://api.usergrid.com/asagustin/journey/token?username=debie.daan%40gmail.com&password=buza&grant_type=password&access_token=YWMtI-2loObxEeKaSF1g0LWHtAAAAT_cwSj6TLzcKzXcyoMPpbsHxZWFMF7J10g
Terminating in response to SpringBoard's termination.
2013-07-07 12:38:14.523 Journey[23591:c07] Multi-tasking -> Device: YES, App: YES
2013-07-07 12:38:14.585 Journey[23591:c07] Resetting plugins due to page load.
2013-07-07 12:38:14.807 Journey[23591:c07] DEPRECATION NOTICE: The Connection ReachableViaWWAN return value of '2g' is deprecated as of Cordova version 2.6.0 and will be changed to 'cellular' in a future release. 
2013-07-07 12:38:14.811 Journey[23591:c07] Finished load of: file:///Users/daan.debie/Library/Application%20Support/iPhone%20Simulator/6.1/Applications/BD457065-0430-4D0A-8AF8-F724B66A474E/Journey.app/www/index.html
Terminating in response to SpringBoard's termination.
2013-07-07 12:40:21.047 Journey[23822:c07] Multi-tasking -> Device: YES, App: YES
2013-07-07 12:40:21.111 Journey[23822:c07] Resetting plugins due to page load.
2013-07-07 12:40:21.336 Journey[23822:c07] DEPRECATION NOTICE: The Connection ReachableViaWWAN return value of '2g' is deprecated as of Cordova version 2.6.0 and will be changed to 'cellular' in a future release. 
2013-07-07 12:40:21.340 Journey[23822:c07] Finished load of: file:///Users/daan.debie/Library/Application%20Support/iPhone%20Simulator/6.1/Applications/BD457065-0430-4D0A-8AF8-F724B66A474E/Journey.app/www/index.html
2013-07-07 12:40:25.455 Journey[23822:c07] calling: GET https://api.usergrid.com/asagustin/journey/token?username=debie.daan%40gmail.com&password=buza&grant_type=password&access_token=YWMtSWKTQObxEeKveUGJDHWNXwAAAT_cwh50cV3VRxjeuuKgjGW9ZuuqsMPlptk
2013-07-07 12:40:26.228 Journey[23822:c07] success (time: 1.29): GET https://api.usergrid.com/asagustin/journey/token?username=debie.daan%40gmail.com&password=buza&grant_type=password&access_token=YWMtSWKTQObxEeKveUGJDHWNXwAAAT_cwh50cV3VRxjeuuKgjGW9ZuuqsMPlptk
Terminating in response to SpringBoard's termination.
